\BOOKMARK [0][-]{chapter.1}{\376\377\000\111\000\156\000\164\000\162\000\157\000\144\000\165\000\143\000\164\000\151\000\157\000\156}{}% 1
\BOOKMARK [1][-]{section.1.1}{\376\377\000\117\000\142\000\152\000\145\000\143\000\164\000\151\000\166\000\145\000\163}{chapter.1}% 2
\BOOKMARK [1][-]{section.1.2}{\376\377\000\111\000\156\000\164\000\162\000\157\000\144\000\165\000\143\000\164\000\151\000\157\000\156}{chapter.1}% 3
\BOOKMARK [1][-]{section.1.3}{\376\377\000\105\000\055\000\126\000\157\000\164\000\151\000\156\000\147\000\040\000\123\000\171\000\163\000\164\000\145\000\155\000\163}{chapter.1}% 4
\BOOKMARK [1][-]{section.1.4}{\376\377\000\103\000\150\000\141\000\154\000\154\000\145\000\156\000\147\000\145\000\163}{chapter.1}% 5
\BOOKMARK [2][-]{subsection.1.4.1}{\376\377\000\101\000\143\000\143\000\157\000\165\000\156\000\164\000\141\000\142\000\151\000\154\000\151\000\164\000\171\000\040\000\141\000\156\000\144\000\040\000\126\000\145\000\162\000\151\000\146\000\151\000\141\000\142\000\151\000\154\000\151\000\164\000\171}{section.1.4}% 6
\BOOKMARK [1][-]{section.1.5}{\376\377\000\122\000\145\000\160\000\157\000\162\000\164\000\040\000\102\000\162\000\145\000\141\000\153\000\040\000\104\000\157\000\167\000\156}{chapter.1}% 7
\BOOKMARK [0][-]{chapter.2}{\376\377\000\114\000\151\000\164\000\145\000\162\000\141\000\164\000\165\000\162\000\145\000\040\000\122\000\145\000\166\000\151\000\145\000\167}{}% 8
\BOOKMARK [1][-]{section.2.1}{\376\377\000\114\000\151\000\164\000\145\000\162\000\141\000\164\000\165\000\162\000\145\000\040\000\122\000\145\000\166\000\151\000\145\000\167}{chapter.2}% 9
\BOOKMARK [2][-]{subsection.2.1.1}{\376\377\000\101\000\143\000\143\000\165\000\162\000\141\000\143\000\171}{section.2.1}% 10
\BOOKMARK [2][-]{subsection.2.1.2}{\376\377\000\104\000\145\000\155\000\157\000\143\000\162\000\141\000\143\000\171}{section.2.1}% 11
\BOOKMARK [2][-]{subsection.2.1.3}{\376\377\000\120\000\162\000\151\000\166\000\141\000\143\000\171}{section.2.1}% 12
\BOOKMARK [2][-]{subsection.2.1.4}{\376\377\000\126\000\145\000\162\000\151\000\146\000\151\000\141\000\142\000\151\000\154\000\151\000\164\000\171}{section.2.1}% 13
\BOOKMARK [2][-]{subsection.2.1.5}{\376\377\000\101\000\166\000\141\000\151\000\154\000\141\000\142\000\151\000\154\000\151\000\164\000\171}{section.2.1}% 14
\BOOKMARK [2][-]{subsection.2.1.6}{\376\377\000\122\000\145\000\163\000\165\000\155\000\145\000\040\000\101\000\142\000\151\000\154\000\151\000\164\000\171}{section.2.1}% 15
\BOOKMARK [1][-]{section.2.2}{\376\377\000\106\000\145\000\141\000\164\000\165\000\162\000\145\000\163}{chapter.2}% 16
\BOOKMARK [1][-]{section.2.3}{\376\377\000\114\000\151\000\155\000\151\000\164\000\141\000\164\000\151\000\157\000\156\000\163}{chapter.2}% 17
\BOOKMARK [0][-]{chapter.3}{\376\377\000\120\000\162\000\157\000\160\000\157\000\163\000\145\000\144\000\040\000\115\000\145\000\164\000\150\000\157\000\144\000\157\000\154\000\157\000\147\000\171}{}% 18
\BOOKMARK [1][-]{section.3.1}{\376\377\000\102\000\154\000\157\000\143\000\153\000\040\000\104\000\151\000\141\000\147\000\162\000\141\000\155}{chapter.3}% 19
\BOOKMARK [1][-]{section.3.2}{\376\377\000\103\000\157\000\155\000\160\000\157\000\156\000\145\000\156\000\164\000\163\000\040\000\123\000\145\000\154\000\145\000\143\000\164\000\151\000\157\000\156}{chapter.3}% 20
\BOOKMARK [2][-]{subsection.3.2.1}{\376\377\000\110\000\141\000\162\000\144\000\167\000\141\000\162\000\145\000\040\000\103\000\157\000\155\000\160\000\157\000\156\000\145\000\156\000\164\000\163}{section.3.2}% 21
\BOOKMARK [2][-]{subsection.3.2.2}{\376\377\000\123\000\157\000\146\000\164\000\167\000\141\000\162\000\145\000\040\000\123\000\145\000\154\000\145\000\143\000\164\000\151\000\157\000\156}{section.3.2}% 22
\BOOKMARK [0][-]{chapter.4}{\376\377\000\123\000\151\000\155\000\165\000\154\000\141\000\164\000\151\000\157\000\156\000\040\000\141\000\156\000\144\000\040\000\122\000\145\000\163\000\165\000\154\000\164\000\163}{}% 23
\BOOKMARK [1][-]{section.4.1}{\376\377\000\123\000\151\000\155\000\165\000\154\000\141\000\164\000\151\000\157\000\156\000\040\000\122\000\145\000\163\000\165\000\154\000\164\000\163}{chapter.4}% 24
\BOOKMARK [1][-]{section.4.2}{\376\377\000\103\000\151\000\162\000\143\000\165\000\151\000\164\000\040\000\104\000\151\000\141\000\147\000\162\000\141\000\155}{chapter.4}% 25
\BOOKMARK [1][-]{section.4.3}{\376\377\000\123\000\157\000\165\000\162\000\143\000\145\000\040\000\103\000\157\000\144\000\145}{chapter.4}% 26
\BOOKMARK [1][-]{section.4.4}{\376\377\000\122\000\145\000\163\000\165\000\154\000\164\000\163}{chapter.4}% 27
\BOOKMARK [0][-]{chapter.5}{\376\377\000\103\000\157\000\156\000\143\000\154\000\165\000\163\000\151\000\157\000\156\000\040\000\141\000\156\000\144\000\040\000\106\000\165\000\164\000\165\000\162\000\145\000\040\000\127\000\157\000\162\000\153}{}% 28
\BOOKMARK [1][-]{section.5.1}{\376\377\000\103\000\157\000\156\000\143\000\154\000\165\000\163\000\151\000\157\000\156}{chapter.5}% 29
\BOOKMARK [1][-]{section.5.2}{\376\377\000\106\000\165\000\164\000\165\000\162\000\145\000\040\000\127\000\157\000\162\000\153}{chapter.5}% 30
\BOOKMARK [0][-]{chapter*.16}{\376\377\000\102\000\151\000\142\000\154\000\151\000\157\000\147\000\162\000\141\000\160\000\150\000\171}{}% 31
